<?xml version="1.0" encoding="UTF-8"?>
<!-- Generated by org.testng.reporters.JUnitReportReporter -->
<testsuite hostname="yatindrakinker" failures="0" tests="1" name="testngShopify.AddProduct" time="45.675" errors="0" timestamp="2022-06-14T13:59:17 IST" skipped="0">
  <testcase classname="testngShopify.AddProduct" name="addProduct" time="45.675"/>
  <system-out/>
</testsuite> <!-- testngShopify.AddProduct -->
